#
# There is insufficient memory for the Java Runtime Environment to continue.
# Native memory allocation (mmap) failed to map 268435456 bytes for G1 virtual space
# Possible reasons:
#   The system is out of physical RAM or swap space
#   The process is running with CompressedOops enabled, and the Java Heap may be blocking the growth of the native heap
# Possible solutions:
#   Reduce memory load on the system
#   Increase physical memory or swap space
#   Check if swap backing store is full
#   Decrease Java heap size (-Xmx/-Xms)
#   Decrease number of Java threads
#   Decrease Java thread stack sizes (-Xss)
#   Set larger code cache with -XX:ReservedCodeCacheSize=
#   JVM is running with Unscaled Compressed Oops mode in which the Java heap is
#     placed in the first 4GB address space. The Java Heap base address is the
#     maximum limit for the native heap growth. Please use -XX:HeapBaseMinAddress
#     to set the Java Heap base and to place the Java Heap above 4GB virtual address.
# This output file may be truncated or incomplete.
#
#  Out of Memory Error (os_windows.cpp:3600), pid=13544, tid=15576
#
# JRE version:  (21.0.5+9) (build )
# Java VM: Java HotSpot(TM) 64-Bit Server VM (21.0.5+9-LTS-239, mixed mode, sharing, tiered, compressed oops, compressed class ptrs, g1 gc, windows-amd64)
# No core dump will be written. Minidumps are not enabled by default on client versions of Windows
#

---------------  S U M M A R Y ------------

Command Line: -Xms256m -Xmx512m -Dclassworlds.conf=C:\maven\apache-maven-3.9.9\bin\m2.conf -Dmaven.home=C:\maven\apache-maven-3.9.9 -Dlibrary.jansi.path=C:\maven\apache-maven-3.9.9\lib\jansi-native -Dmaven.multiModuleProjectDirectory=C:\Users\sarac\OneDrive\Documents\spring\event-management org.codehaus.plexus.classworlds.launcher.Launcher spring-boot:run -e

Host: Intel(R) Celeron(R) CPU J3455 @ 1.50GHz, 4 cores, 5G,  Windows 10 , 64 bit Build 19041 (10.0.19041.5198)
Time: Fri Jan 31 00:15:06 2025 Morocco Summer Time elapsed time: 0.172287 seconds (0d 0h 0m 0s)

---------------  T H R E A D  ---------------

Current thread (0x000001b6808e2980):  JavaThread "Unknown thread" [_thread_in_vm, id=15576, stack(0x0000006c8d400000,0x0000006c8d500000) (1024K)]

Stack: [0x0000006c8d400000,0x0000006c8d500000]
Native frames: (J=compiled Java code, j=interpreted, Vv=VM code, C=native code)
V  [jvm.dll+0x6ca289]
V  [jvm.dll+0x854a51]
V  [jvm.dll+0x856f7e]
V  [jvm.dll+0x857653]
V  [jvm.dll+0x27dd26]
V  [jvm.dll+0x6c6a25]
V  [jvm.dll+0x6bb5aa]
V  [jvm.dll+0x35359a]
V  [jvm.dll+0x35b1f6]
V  [jvm.dll+0x3adade]
V  [jvm.dll+0x3add88]
V  [jvm.dll+0x3278fc]
V  [jvm.dll+0x32845b]
V  [jvm.dll+0x81de19]
V  [jvm.dll+0x3ba7c1]
V  [jvm.dll+0x807168]
V  [jvm.dll+0x44f96e]
V  [jvm.dll+0x451561]
C  [jli.dll+0x52a3]
C  [ucrtbase.dll+0x21bb2]
C  [KERNEL32.DLL+0x17374]
C  [ntdll.dll+0x4cc91]


---------------  P R O C E S S  ---------------

Threads class SMR info:
_java_thread_list=0x00007ffc84c3ac08, length=0, elements={
}

Java Threads: ( => current thread )
Total: 0

Other Threads:
  0x000001b680adcd40 WorkerThread "GC Thread#0"                     [id=15688, stack(0x0000006c8d500000,0x0000006c8d600000) (1024K)]
  0x000001b680ae1c20 ConcurrentGCThread "G1 Main Marker"            [id=1744, stack(0x0000006c8d600000,0x0000006c8d700000) (1024K)]
  0x000001b680ae2620 WorkerThread "G1 Conc#0"                       [id=15076, stack(0x0000006c8d700000,0x0000006c8d800000) (1024K)]

[error occurred during error reporting (printing all threads), id 0xc0000005, EXCEPTION_ACCESS_VIOLATION (0xc0000005) at pc=0x00007ffc843aa087]
VM state: not at safepoint (not fully initialized)

VM Mutex/Monitor currently owned by a thread:  ([mutex/lock_event])
[0x00007ffc84cabf98] Heap_lock - owner thread: 0x000001b6808e2980

Heap address: 0x00000000e0000000, size: 512 MB, Compressed Oops mode: 32-bit

CDS archive(s) mapped at: [0x0000000000000000-0x0000000000000000-0x0000000000000000), size 0, SharedBaseAddress: 0x0000000800000000, ArchiveRelocationMode: 1.
Narrow klass base: 0x0000000000000000, Narrow klass shift: 0, Narrow klass range: 0x0

GC Precious Log:
 CardTable entry size: 512
 Card Set container configuration: InlinePtr #cards 5 size 8 Array Of Cards #cards 12 size 40 Howl #buckets 4 coarsen threshold 1843 Howl Bitmap #cards 512 size 80 coarsen threshold 460 Card regions per heap region 1 cards per card region 2048

Heap:
 garbage-first heap   total 0K, used 0K [0x00000000e0000000, 0x0000000100000000)
  region size 1024K, 0 young (0K), 0 survivors (0K)

[error occurred during error reporting (printing heap information), id 0xc0000005, EXCEPTION_ACCESS_VIOLATION (0xc0000005) at pc=0x00007ffc84793259]
GC Heap History (0 events):
No events

Dll operation events (1 events):
Event: 0.041 Loaded shared library C:\Program Files\Java\jdk-21\bin\java.dll

Deoptimization events (0 events):
No events

Classes loaded (0 events):
No events

Classes unloaded (0 events):
No events

Classes redefined (0 events):
No events

Internal exceptions (0 events):
No events

ZGC Phase Switch (0 events):
No events

VM Operations (0 events):
No events

Events (0 events):
No events


Dynamic libraries:
0x00007ff7cd170000 - 0x00007ff7cd180000 	C:\Program Files\Java\jdk-21\bin\java.exe
0x00007ffcfaa90000 - 0x00007ffcfac88000 	C:\WINDOWS\SYSTEM32\ntdll.dll
0x00007ffcfa920000 - 0x00007ffcfa9e2000 	C:\WINDOWS\System32\KERNEL32.DLL
0x00007ffcf8360000 - 0x00007ffcf865f000 	C:\WINDOWS\System32\KERNELBASE.dll
0x00007ffcf8910000 - 0x00007ffcf8a10000 	C:\WINDOWS\System32\ucrtbase.dll
0x00007ffce5f70000 - 0x00007ffce5f8b000 	C:\Program Files\Java\jdk-21\bin\VCRUNTIME140.dll
0x00007ffcf1280000 - 0x00007ffcf1299000 	C:\Program Files\Java\jdk-21\bin\jli.dll
0x00007ffcf96c0000 - 0x00007ffcf9771000 	C:\WINDOWS\System32\ADVAPI32.dll
0x00007ffcf8c50000 - 0x00007ffcf8cee000 	C:\WINDOWS\System32\msvcrt.dll
0x00007ffcf95f0000 - 0x00007ffcf968f000 	C:\WINDOWS\System32\sechost.dll
0x00007ffcf9c70000 - 0x00007ffcf9d93000 	C:\WINDOWS\System32\RPCRT4.dll
0x00007ffcf88e0000 - 0x00007ffcf8907000 	C:\WINDOWS\System32\bcrypt.dll
0x00007ffcfa780000 - 0x00007ffcfa91d000 	C:\WINDOWS\System32\USER32.dll
0x00007ffcf8280000 - 0x00007ffcf82a2000 	C:\WINDOWS\System32\win32u.dll
0x00007ffcf9690000 - 0x00007ffcf96bb000 	C:\WINDOWS\System32\GDI32.dll
0x00007ffcf8720000 - 0x00007ffcf8837000 	C:\WINDOWS\System32\gdi32full.dll
0x00007ffcf8840000 - 0x00007ffcf88dd000 	C:\WINDOWS\System32\msvcp_win.dll
0x00007ffce2400000 - 0x00007ffce269a000 	C:\WINDOWS\WinSxS\amd64_microsoft.windows.common-controls_6595b64144ccf1df_6.0.19041.4355_none_60b8b9eb71f62e16\COMCTL32.dll
0x00007ffcef350000 - 0x00007ffcef35a000 	C:\WINDOWS\SYSTEM32\VERSION.dll
0x00007ffcfa100000 - 0x00007ffcfa12f000 	C:\WINDOWS\System32\IMM32.DLL
0x00007ffce7230000 - 0x00007ffce723c000 	C:\Program Files\Java\jdk-21\bin\vcruntime140_1.dll
0x00007ffcc9630000 - 0x00007ffcc96be000 	C:\Program Files\Java\jdk-21\bin\msvcp140.dll
0x00007ffc84070000 - 0x00007ffc84d88000 	C:\Program Files\Java\jdk-21\bin\server\jvm.dll
0x00007ffcf9c00000 - 0x00007ffcf9c6b000 	C:\WINDOWS\System32\WS2_32.dll
0x00007ffcf7620000 - 0x00007ffcf766b000 	C:\WINDOWS\SYSTEM32\POWRPROF.dll
0x00007ffcd6800000 - 0x00007ffcd6827000 	C:\WINDOWS\SYSTEM32\WINMM.dll
0x00007ffcf74e0000 - 0x00007ffcf74f2000 	C:\WINDOWS\SYSTEM32\UMPDC.dll
0x00007ffcf6930000 - 0x00007ffcf6942000 	C:\WINDOWS\SYSTEM32\kernel.appcore.dll
0x00007ffce6a20000 - 0x00007ffce6a2a000 	C:\Program Files\Java\jdk-21\bin\jimage.dll
0x00007ffcf5e00000 - 0x00007ffcf5fe4000 	C:\WINDOWS\SYSTEM32\DBGHELP.DLL
0x00007ffce58b0000 - 0x00007ffce58e4000 	C:\WINDOWS\SYSTEM32\dbgcore.DLL
0x00007ffcf8a10000 - 0x00007ffcf8a92000 	C:\WINDOWS\System32\bcryptPrimitives.dll
0x00007ffce3b20000 - 0x00007ffce3b3f000 	C:\Program Files\Java\jdk-21\bin\java.dll

dbghelp: loaded successfully - version: 4.0.5 - missing functions: none
symbol engine: initialized successfully - sym options: 0x614 - pdb path: .;C:\Program Files\Java\jdk-21\bin;C:\WINDOWS\SYSTEM32;C:\WINDOWS\WinSxS\amd64_microsoft.windows.common-controls_6595b64144ccf1df_6.0.19041.4355_none_60b8b9eb71f62e16;C:\Program Files\Java\jdk-21\bin\server

VM Arguments:
jvm_args: -Xms256m -Xmx512m -Dclassworlds.conf=C:\maven\apache-maven-3.9.9\bin\m2.conf -Dmaven.home=C:\maven\apache-maven-3.9.9 -Dlibrary.jansi.path=C:\maven\apache-maven-3.9.9\lib\jansi-native -Dmaven.multiModuleProjectDirectory=C:\Users\sarac\OneDrive\Documents\spring\event-management 
java_command: org.codehaus.plexus.classworlds.launcher.Launcher spring-boot:run -e
java_class_path (initial): C:\maven\apache-maven-3.9.9\boot\plexus-classworlds-2.8.0.jar
Launcher Type: SUN_STANDARD

[Global flags]
     intx CICompilerCount                          = 3                                         {product} {ergonomic}
     uint ConcGCThreads                            = 1                                         {product} {ergonomic}
     uint G1ConcRefinementThreads                  = 4                                         {product} {ergonomic}
   size_t G1HeapRegionSize                         = 1048576                                   {product} {ergonomic}
    uintx GCDrainStackTargetSize                   = 64                                        {product} {ergonomic}
   size_t InitialHeapSize                          = 268435456                                 {product} {command line}
   size_t MarkStackSize                            = 4194304                                   {product} {ergonomic}
   size_t MaxHeapSize                              = 536870912                                 {product} {command line}
   size_t MinHeapDeltaBytes                        = 1048576                                   {product} {ergonomic}
   size_t MinHeapSize                              = 268435456                                 {product} {command line}
    uintx NonNMethodCodeHeapSize                   = 5832780                                {pd product} {ergonomic}
    uintx NonProfiledCodeHeapSize                  = 122912730                              {pd product} {ergonomic}
    uintx ProfiledCodeHeapSize                     = 122912730                              {pd product} {ergonomic}
    uintx ReservedCodeCacheSize                    = 251658240                              {pd product} {ergonomic}
     bool SegmentedCodeCache                       = true                                      {product} {ergonomic}
   size_t SoftMaxHeapSize                          = 536870912                              {manageable} {ergonomic}
     bool UseCompressedOops                        = true                           {product lp64_product} {ergonomic}
     bool UseG1GC                                  = true                                      {product} {ergonomic}
     bool UseLargePagesIndividualAllocation        = false                                  {pd product} {ergonomic}

Logging:
Log output configuration:
 #0: stdout all=warning uptime,level,tags foldmultilines=false
 #1: stderr all=off uptime,level,tags foldmultilines=false

Environment Variables:
JAVA_HOME=C:\Program Files\Java\jdk-21
PATH=C:\Program Files\Java\jdk-21\bin;C:\Program Files\Java\jdk-21.0.5\bin;C:\ProgramData\Oracle\Java\javapath;C:\Program Files\Common Files\Oracle\Java\javapath;C:\Program Files\NVIDIA GPU Computing Toolkit\CUDA\v10.1\bin;C:\Program Files\NVIDIA GPU Computing Toolkit\CUDA\v10.1\libnvvp;C:\WINDOWS\system32;C:\WINDOWS;C:\WINDOWS\System32\Wbem;C:\WINDOWS\System32\WindowsPowerShell\v1.0\;C:\WINDOWS\System32\OpenSSH\;C:\Users\Administrator\AppData\Local\Microsoft\WindowsApps;C:\Recovery\OEM\Backup\;C:\WINDOWS\system32;C:\WINDOWS;C:\WINDOWS\System32\Wbem;C:\WINDOWS\System32\WindowsPowerShell\v1.0\;C:\WINDOWS\System32\OpenSSH\;C:\Program Files\Git\cmd;C:\Users\sarac\anaconda3\Scripts;C:\Users\sarac\AppData\Local\Programs\Python\Python311;C:\Users\sarac\AppData\Local\Programs\Python\Python311\Scripts;C:\Program Files (x86)\Windows Kits\10\Windows Performance Toolkit\;C:\Program Files (x86)\NVIDIA Corporation\PhysX\Common;C:\Users\sarac\androidprojects\flutter\bin;C:\Users\sarac\androidprojects\cmdline-tools\platform-tools;C:\Users\sarac\androidprojects\cmdline-tools\platforms;C:\Program Files (x86)\Microsoft SQL Server\160\DTS\Binn\;C:\Program Files\nodejs\;C:\Program Files\dotnet\;C:\Program Files (x86)\Microsoft SQL Server\160\Tools\Binn\;C:\Program Files\Microsoft SQL Server\160\Tools\Binn\;C:\Program Files\Microsoft SQL Server\Client SDK\ODBC\170\Tools\Binn\;C:\Program Files\Microsoft SQL Server\160\DTS\Binn\;C:\maven\apache-maven-3.9.9\bin;;C:\Program Files\Docker\Docker\resources\bin;C:\Users\sarac\.config\herd-lite\bin;C:\Users\sarac\AppData\Local\Programs\Python\Python37\Scripts\;C:\Users\sarac\AppData\Local\Programs\Python\Python37\;C:\Users\sarac\AppData\Local\Microsoft\WindowsApps;C:\Users\sarac\AppData\Local\Programs\Python\Python311\Scripts\;C:\Users\sarac\AppData\Local\Programs\Python\Python311;C:\Users\sarac\AppData\Local\Programs\Python\protoc-25.2-win64\bin;C:\Users\sarac\AppData\Local\Programs\Microsoft VS Code\bin;C:\Program Files\JetBrains\IntelliJ IDEA Community Edition 2023.3.4\bin;C:\Users\sarac\mobileproject\flutter\bin;C:\Users\sarac\AppData\Roaming\npm;C:\Users\sarac\.dotnet\tools;C:\maven\apache-maven-3.9.9\bin\bin;C:\ProgramData\sarac\GitHubDesktop\bin;C:\ffmpeg\bin;
USERNAME=sarac
LANG=en_US.UTF-8
OS=Windows_NT
PROCESSOR_IDENTIFIER=Intel64 Family 6 Model 92 Stepping 10, GenuineIntel
TMP=C:\Users\sarac\AppData\Local\Temp
TEMP=C:\Users\sarac\AppData\Local\Temp




Periodic native trim disabled

---------------  S Y S T E M  ---------------

OS:
 Windows 10 , 64 bit Build 19041 (10.0.19041.5198)
OS uptime: 1 days 9:30 hours
Hyper-V role detected

CPU: total 4 (initial active 4) (4 cores per cpu, 1 threads per core) family 6 model 92 stepping 10 microcode 0x1e, cx8, cmov, fxsr, mmx, 3dnowpref, sse, sse2, sse3, ssse3, sse4.1, sse4.2, popcnt, tsc, tscinvbit, aes, erms, clmul, sha, clflush, clflushopt, hv, rdtscp
Processor Information for all 4 processors :
  Max Mhz: 1501, Current Mhz: 1501, Mhz Limit: 1501

Memory: 4k page, system-wide physical 5992M (430M free)
TotalPageFile size 10085M (AvailPageFile size 251M)
current process WorkingSet (physical memory assigned to process): 10M, peak: 10M
current process commit charge ("private bytes"): 51M, peak: 307M

vm_info: Java HotSpot(TM) 64-Bit Server VM (21.0.5+9-LTS-239) for windows-amd64 JRE (21.0.5+9-LTS-239), built on 2024-09-30T05:17:38Z by "mach5one" with MS VC++ 17.6 (VS2022)

END.
